2025-03-10 16:29:00 - DEBUG - Using selector: SelectSelector
2025-03-10 16:29:00 - INFO - Patient Service database initialized successfully!
2025-03-10 16:29:00 - INFO - MQTT client started
2025-03-10 16:29:00 - INFO - Patient Service has started
2025-03-10 16:29:00 - INFO - Patient Service connected to MQTT Broker!
2025-03-10 16:30:09 - DEBUG - Using selector: SelectSelector
2025-03-10 16:30:09 - INFO - Patient Service database initialized successfully!
2025-03-10 16:30:09 - INFO - MQTT client started
2025-03-10 16:30:09 - INFO - Patient Service has started
2025-03-10 16:30:09 - INFO - Patient Service connected to MQTT Broker!
2025-03-10 16:32:04 - DEBUG - Using selector: SelectSelector
2025-03-10 16:32:04 - INFO - Patient Service database initialized successfully!
2025-03-10 16:32:04 - INFO - MQTT client started
2025-03-10 16:32:04 - INFO - Patient Service has started
2025-03-10 16:32:04 - INFO - Patient Service connected to MQTT Broker!
2025-03-10 16:32:23 - DEBUG - Starting new HTTP connection (1): 127.0.0.1:12398
2025-03-10 16:32:23 - DEBUG - http://127.0.0.1:12398 "GET /doctor/get_reports/1 HTTP/1.1" 200 5519
2025-03-10 16:32:23 - DEBUG - Encoding detection: Unable to determine any suitable charset.
2025-03-10 16:32:26 - DEBUG - Using selector: SelectSelector
2025-03-10 16:32:26 - INFO - Patient Service database initialized successfully!
2025-03-10 16:32:26 - INFO - MQTT client started
2025-03-10 16:32:26 - INFO - Patient Service has started
2025-03-10 16:32:26 - INFO - Patient Service connected to MQTT Broker!
2025-03-10 16:34:15 - DEBUG - Starting new HTTP connection (1): 127.0.0.1:12398
2025-03-10 16:34:15 - DEBUG - http://127.0.0.1:12398 "GET /doctor/get_reports/1 HTTP/1.1" 200 5520
2025-03-10 16:34:15 - DEBUG - Encoding detection: Unable to determine any suitable charset.
2025-03-10 16:34:15 - DEBUG - Encoding detection: Unable to determine any suitable charset.
2025-03-10 16:34:18 - DEBUG - Using selector: SelectSelector
2025-03-10 16:34:18 - INFO - Patient Service database initialized successfully!
2025-03-10 16:34:18 - INFO - MQTT client started
2025-03-10 16:34:18 - INFO - Patient Service has started
2025-03-10 16:34:18 - INFO - Patient Service connected to MQTT Broker!
2025-03-10 16:35:33 - DEBUG - Starting new HTTP connection (1): 127.0.0.1:12398
2025-03-10 16:35:33 - DEBUG - http://127.0.0.1:12398 "GET /doctor/get_prescriptions/1 HTTP/1.1" 404 22
2025-03-10 16:35:47 - DEBUG - Starting new HTTP connection (1): 127.0.0.1:12398
2025-03-10 16:35:47 - DEBUG - http://127.0.0.1:12398 "GET /doctor/get_prescriptions/2 HTTP/1.1" 404 22
2025-03-10 16:37:02 - DEBUG - Using selector: SelectSelector
2025-03-10 16:37:02 - INFO - Patient Service database initialized successfully!
2025-03-10 16:37:02 - INFO - MQTT client started
2025-03-10 16:37:02 - INFO - Patient Service has started
2025-03-10 16:37:02 - INFO - Patient Service connected to MQTT Broker!
2025-03-10 16:39:07 - DEBUG - Starting new HTTP connection (1): 127.0.0.1:12398
2025-03-10 16:39:07 - DEBUG - http://127.0.0.1:12398 "GET /doctor/download_prescriptions/1 HTTP/1.1" 404 22
2025-03-10 16:39:18 - DEBUG - Using selector: SelectSelector
2025-03-10 16:39:18 - INFO - Patient Service database initialized successfully!
2025-03-10 16:39:18 - INFO - MQTT client started
2025-03-10 16:39:18 - INFO - Patient Service has started
2025-03-10 16:39:18 - INFO - Patient Service connected to MQTT Broker!
2025-03-10 16:42:01 - DEBUG - Using selector: SelectSelector
2025-03-10 16:42:02 - INFO - Patient Service database initialized successfully!
2025-03-10 16:42:02 - INFO - MQTT client started
2025-03-10 16:42:02 - INFO - Patient Service has started
2025-03-10 16:42:02 - INFO - Patient Service connected to MQTT Broker!
