2025-03-10 14:32:48 - DEBUG - Using selector: SelectSelector
2025-03-10 14:32:48 - INFO - Doctor Service database initialized successfully!
2025-03-10 14:32:48 - INFO - MQTT client started
2025-03-10 14:32:48 - INFO - Doctor Service has started
2025-03-10 14:32:48 - INFO - Doctor Service connected to MQTT Broker!
2025-03-10 14:51:27 - DEBUG - Starting new HTTP connection (1): patient-service:8001
2025-03-10 14:59:41 - DEBUG - Calling on_part_begin with no data
2025-03-10 14:59:41 - DEBUG - Calling on_header_field with data[42:61]
2025-03-10 14:59:41 - DEBUG - Calling on_header_value with data[63:117]
2025-03-10 14:59:41 - DEBUG - Calling on_header_end with no data
2025-03-10 14:59:41 - DEBUG - Calling on_header_field with data[119:131]
2025-03-10 14:59:41 - DEBUG - Calling on_header_value with data[133:143]
2025-03-10 14:59:41 - DEBUG - Calling on_header_end with no data
2025-03-10 14:59:41 - DEBUG - Calling on_headers_finished with no data
2025-03-10 14:59:41 - DEBUG - Calling on_part_data with data[147:114688]
2025-03-10 14:59:41 - DEBUG - Calling on_part_data with data[0:106365]
2025-03-10 14:59:41 - DEBUG - Calling on_part_end with no data
2025-03-10 14:59:41 - DEBUG - Calling on_end with no data
2025-03-10 14:59:41 - INFO - Message received on topic: hospital/test_result
2025-03-10 14:59:41 - INFO - Updated test result for report ID: 1
2025-03-10 14:59:50 - DEBUG - Calling on_part_begin with no data
2025-03-10 14:59:50 - DEBUG - Calling on_header_field with data[42:61]
2025-03-10 14:59:50 - DEBUG - Calling on_header_value with data[63:117]
2025-03-10 14:59:50 - DEBUG - Calling on_header_end with no data
2025-03-10 14:59:50 - DEBUG - Calling on_header_field with data[119:131]
2025-03-10 14:59:50 - DEBUG - Calling on_header_value with data[133:143]
2025-03-10 14:59:50 - DEBUG - Calling on_header_end with no data
2025-03-10 14:59:50 - DEBUG - Calling on_headers_finished with no data
2025-03-10 14:59:50 - DEBUG - Calling on_part_data with data[147:163840]
2025-03-10 14:59:50 - DEBUG - Calling on_part_data with data[0:57213]
2025-03-10 14:59:50 - DEBUG - Calling on_part_end with no data
2025-03-10 14:59:50 - DEBUG - Calling on_end with no data
2025-03-10 14:59:50 - INFO - Message received on topic: hospital/test_result
2025-03-10 14:59:50 - INFO - Updated test result for report ID: 2
2025-03-10 15:19:08 - DEBUG - Using selector: SelectSelector
2025-03-10 15:19:08 - INFO - Doctor Service database initialized successfully!
2025-03-10 15:19:08 - INFO - MQTT client started
2025-03-10 15:19:08 - INFO - Doctor Service has started
2025-03-10 15:19:08 - INFO - Doctor Service connected to MQTT Broker!
2025-03-10 15:19:32 - DEBUG - Using selector: SelectSelector
2025-03-10 15:19:32 - INFO - Doctor Service database initialized successfully!
2025-03-10 15:19:32 - INFO - MQTT client started
2025-03-10 15:19:32 - INFO - Doctor Service has started
2025-03-10 15:19:32 - INFO - Doctor Service connected to MQTT Broker!
2025-03-10 15:24:45 - DEBUG - Using selector: SelectSelector
2025-03-10 15:24:46 - INFO - Doctor Service database initialized successfully!
2025-03-10 15:24:46 - INFO - MQTT client started
2025-03-10 15:24:46 - INFO - Doctor Service has started
2025-03-10 15:24:46 - INFO - Doctor Service connected to MQTT Broker!
2025-03-10 15:25:31 - DEBUG - Using selector: SelectSelector
2025-03-10 15:25:31 - INFO - Doctor Service database initialized successfully!
2025-03-10 15:25:31 - INFO - MQTT client started
2025-03-10 15:25:31 - INFO - Doctor Service has started
2025-03-10 15:25:31 - INFO - Doctor Service connected to MQTT Broker!
2025-03-10 15:29:08 - DEBUG - Using selector: SelectSelector
2025-03-10 15:29:08 - INFO - Doctor Service database initialized successfully!
2025-03-10 15:29:08 - INFO - MQTT client started
2025-03-10 15:29:08 - INFO - Doctor Service has started
2025-03-10 15:29:08 - INFO - Doctor Service connected to MQTT Broker!
2025-03-10 16:11:10 - DEBUG - Using selector: SelectSelector
2025-03-10 16:11:10 - INFO - Doctor Service database initialized successfully!
2025-03-10 16:11:10 - INFO - MQTT client started
2025-03-10 16:11:10 - INFO - Doctor Service has started
2025-03-10 16:11:10 - INFO - Doctor Service connected to MQTT Broker!
2025-03-10 16:12:14 - DEBUG - Using selector: SelectSelector
2025-03-10 16:12:14 - INFO - Doctor Service database initialized successfully!
2025-03-10 16:12:14 - INFO - MQTT client started
2025-03-10 16:12:14 - INFO - Doctor Service has started
2025-03-10 16:12:14 - INFO - Doctor Service connected to MQTT Broker!
2025-03-10 16:24:19 - DEBUG - Using selector: SelectSelector
2025-03-10 16:24:19 - INFO - Doctor Service database initialized successfully!
2025-03-10 16:24:19 - INFO - MQTT client started
2025-03-10 16:24:19 - INFO - Doctor Service has started
2025-03-10 16:24:19 - INFO - Doctor Service connected to MQTT Broker!
2025-03-10 16:25:42 - DEBUG - Starting new HTTP connection (1): 127.0.0.1:12378
2025-03-10 16:25:42 - DEBUG - http://127.0.0.1:12378 "GET /patient/get_patient/1 HTTP/1.1" 200 233
2025-03-10 16:25:46 - DEBUG - Using selector: SelectSelector
2025-03-10 16:25:46 - INFO - Doctor Service database initialized successfully!
2025-03-10 16:25:46 - INFO - MQTT client started
2025-03-10 16:25:46 - INFO - Doctor Service has started
2025-03-10 16:25:46 - INFO - Doctor Service connected to MQTT Broker!
2025-03-10 16:34:47 - DEBUG - Starting new HTTP connection (1): 127.0.0.1:12378
2025-03-10 16:34:47 - DEBUG - http://127.0.0.1:12378 "GET /patient/get_patient/1 HTTP/1.1" 200 233
2025-03-10 16:38:41 - INFO - Message received on topic: hospital/test_result
2025-03-10 16:38:41 - INFO - Message received on topic: hospital/test_result
2025-03-10 16:38:41 - INFO - Message received on topic: hospital/test_result
